Logfile initialized
[INFO] logfile = C:\Users\Mohsin\Documents\Titanium_Studio_Workspace\TiMVC-master\build.log
[DEBUG] C:\Users\Mohsin\AppData\Roaming\Titanium\mobilesdk\win32\2.1.3.GA\android\builder.py simulator Knights and Princesses D:\android-sdk_r16-windows\android-sdk-windows C:\Users\Mohsin\Documents\Titanium_Studio_Workspace\TiMVC-master com.bonozo.kap 8 WVGA854
[INFO] Building Knights and Princesses for Android ... one moment
[INFO] Titanium SDK version: 2.1.3 (10/02/12 16:16 15997d0)
[DEBUG] Waiting for device to be ready ...
[TRACE] adb devices returned 1 devices/emulators
[TRACE] adb devices returned 1 devices/emulators
[TRACE] adb devices returned 1 devices/emulators
[TRACE] adb devices returned 1 devices/emulators
[TRACE] adb devices returned 1 devices/emulators
[TRACE] adb devices returned 1 devices/emulators
[DEBUG] Device connected... (waited 25 seconds)
[DEBUG] waited 25.421000 seconds on emulator to get ready
[INFO] Waiting for the Android Emulator to become available
[ERROR] Timed out waiting for android.process.acore
[DEBUG] com.bonozo.kap installed? True
[INFO] Fastdev server running, deploying in Fastdev mode
[INFO] Copying CommonJS modules...
[INFO] Copying project resources..
[INFO] Detected change in tiapp.xml, or assets deleted. Forcing full re-build...
[TRACE] COPYING CREATED FILE: C:\Users\Mohsin\Documents\Titanium_Studio_Workspace\TiMVC-master\Resources\android\appicon.png => C:\Users\Mohsin\Documents\Titanium_Studio_Workspace\TiMVC-master\build\android\bin\assets\Resources\appicon.png
[TRACE] COPYING CREATED FILE: C:\Users\Mohsin\Documents\Titanium_Studio_Workspace\TiMVC-master\Resources\android\default.png => C:\Users\Mohsin\Documents\Titanium_Studio_Workspace\TiMVC-master\build\android\bin\assets\Resources\default.png
[TRACE] COPYING CREATED FILE: C:\Users\Mohsin\Documents\Titanium_Studio_Workspace\TiMVC-master\Resources\android\images\default.png => C:\Users\Mohsin\Documents\Titanium_Studio_Workspace\TiMVC-master\build\android\bin\assets\Resources\images\default.png
[TRACE] COPYING CREATED FILE: C:\Users\Mohsin\Documents\Titanium_Studio_Workspace\TiMVC-master\Resources\app.js => C:\Users\Mohsin\Documents\Titanium_Studio_Workspace\TiMVC-master\build\android\bin\assets\Resources\app.js
[TRACE] COPYING CREATED FILE: C:\Users\Mohsin\Documents\Titanium_Studio_Workspace\TiMVC-master\Resources\app.jss => C:\Users\Mohsin\Documents\Titanium_Studio_Workspace\TiMVC-master\build\android\bin\assets\Resources\app.jss
[TRACE] COPYING CREATED FILE: C:\Users\Mohsin\Documents\Titanium_Studio_Workspace\TiMVC-master\Resources\mvc\assets\databases\app.sqlite => C:\Users\Mohsin\Documents\Titanium_Studio_Workspace\TiMVC-master\build\android\bin\assets\Resources\mvc\assets\databases\app.sqlite
[TRACE] COPYING CREATED FILE: C:\Users\Mohsin\Documents\Titanium_Studio_Workspace\TiMVC-master\Resources\mvc\assets\images\dashboard\account_off.png => C:\Users\Mohsin\Documents\Titanium_Studio_Workspace\TiMVC-master\build\android\bin\assets\Resources\mvc\assets\images\dashboard\account_off.png
[TRACE] COPYING CREATED FILE: C:\Users\Mohsin\Documents\Titanium_Studio_Workspace\TiMVC-master\Resources\mvc\assets\images\dashboard\account_on.png => C:\Users\Mohsin\Documents\Titanium_Studio_Workspace\TiMVC-master\build\android\bin\assets\Resources\mvc\assets\images\dashboard\account_on.png
[TRACE] COPYING CREATED FILE: C:\Users\Mohsin\Documents\Titanium_Studio_Workspace\TiMVC-master\Resources\mvc\assets\images\dashboard\calls_off.png => C:\Users\Mohsin\Documents\Titanium_Studio_Workspace\TiMVC-master\build\android\bin\assets\Resources\mvc\assets\images\dashboard\calls_off.png
[TRACE] COPYING CREATED FILE: C:\Users\Mohsin\Documents\Titanium_Studio_Workspace\TiMVC-master\Resources\mvc\assets\images\dashboard\calls_on.png => C:\Users\Mohsin\Documents\Titanium_Studio_Workspace\TiMVC-master\build\android\bin\assets\Resources\mvc\assets\images\dashboard\calls_on.png
[TRACE] COPYING CREATED FILE: C:\Users\Mohsin\Documents\Titanium_Studio_Workspace\TiMVC-master\Resources\mvc\assets\images\dashboard\cases_off.png => C:\Users\Mohsin\Documents\Titanium_Studio_Workspace\TiMVC-master\build\android\bin\assets\Resources\mvc\assets\images\dashboard\cases_off.png
[TRACE] COPYING CREATED FILE: C:\Users\Mohsin\Documents\Titanium_Studio_Workspace\TiMVC-master\Resources\mvc\assets\images\dashboard\cases_on.png => C:\Users\Mohsin\Documents\Titanium_Studio_Workspace\TiMVC-master\build\android\bin\assets\Resources\mvc\assets\images\dashboard\cases_on.png
[TRACE] COPYING CREATED FILE: C:\Users\Mohsin\Documents\Titanium_Studio_Workspace\TiMVC-master\Resources\mvc\assets\images\dashboard\contacts_off.png => C:\Users\Mohsin\Documents\Titanium_Studio_Workspace\TiMVC-master\build\android\bin\assets\Resources\mvc\assets\images\dashboard\contacts_off.png
[TRACE] COPYING CREATED FILE: C:\Users\Mohsin\Documents\Titanium_Studio_Workspace\TiMVC-master\Resources\mvc\assets\images\dashboard\contacts_on.png => C:\Users\Mohsin\Documents\Titanium_Studio_Workspace\TiMVC-master\build\android\bin\assets\Resources\mvc\assets\images\dashboard\contacts_on.png
[TRACE] COPYING CREATED FILE: C:\Users\Mohsin\Documents\Titanium_Studio_Workspace\TiMVC-master\Resources\mvc\assets\images\dashboard\emps_off.png => C:\Users\Mohsin\Documents\Titanium_Studio_Workspace\TiMVC-master\build\android\bin\assets\Resources\mvc\assets\images\dashboard\emps_off.png
[TRACE] COPYING CREATED FILE: C:\Users\Mohsin\Documents\Titanium_Studio_Workspace\TiMVC-master\Resources\mvc\assets\images\dashboard\emps_on.png => C:\Users\Mohsin\Documents\Titanium_Studio_Workspace\TiMVC-master\build\android\bin\assets\Resources\mvc\assets\images\dashboard\emps_on.png
[TRACE] COPYING CREATED FILE: C:\Users\Mohsin\Documents\Titanium_Studio_Workspace\TiMVC-master\Resources\mvc\assets\images\dashboard\leads_off.png => C:\Users\Mohsin\Documents\Titanium_Studio_Workspace\TiMVC-master\build\android\bin\assets\Resources\mvc\assets\images\dashboard\leads_off.png
[TRACE] COPYING CREATED FILE: C:\Users\Mohsin\Documents\Titanium_Studio_Workspace\TiMVC-master\Resources\mvc\assets\images\dashboard\leads_on - Copy.png => C:\Users\Mohsin\Documents\Titanium_Studio_Workspace\TiMVC-master\build\android\bin\assets\Resources\mvc\assets\images\dashboard\leads_on - Copy.png
[TRACE] COPYING CREATED FILE: C:\Users\Mohsin\Documents\Titanium_Studio_Workspace\TiMVC-master\Resources\mvc\assets\images\dashboard\meetings_off.png => C:\Users\Mohsin\Documents\Titanium_Studio_Workspace\TiMVC-master\build\android\bin\assets\Resources\mvc\assets\images\dashboard\meetings_off.png
[TRACE] COPYING CREATED FILE: C:\Users\Mohsin\Documents\Titanium_Studio_Workspace\TiMVC-master\Resources\mvc\assets\images\dashboard\meetings_on.png => C:\Users\Mohsin\Documents\Titanium_Studio_Workspace\TiMVC-master\build\android\bin\assets\Resources\mvc\assets\images\dashboard\meetings_on.png
[TRACE] COPYING CREATED FILE: C:\Users\Mohsin\Documents\Titanium_Studio_Workspace\TiMVC-master\Resources\mvc\assets\images\dashboard\opps_off.png => C:\Users\Mohsin\Documents\Titanium_Studio_Workspace\TiMVC-master\build\android\bin\assets\Resources\mvc\assets\images\dashboard\opps_off.png
[TRACE] COPYING CREATED FILE: C:\Users\Mohsin\Documents\Titanium_Studio_Workspace\TiMVC-master\Resources\mvc\assets\images\dashboard\opps_on.png => C:\Users\Mohsin\Documents\Titanium_Studio_Workspace\TiMVC-master\build\android\bin\assets\Resources\mvc\assets\images\dashboard\opps_on.png
[TRACE] COPYING CREATED FILE: C:\Users\Mohsin\Documents\Titanium_Studio_Workspace\TiMVC-master\Resources\mvc\assets\images\dashboard\tasks_off.png => C:\Users\Mohsin\Documents\Titanium_Studio_Workspace\TiMVC-master\build\android\bin\assets\Resources\mvc\assets\images\dashboard\tasks_off.png
[TRACE] COPYING CREATED FILE: C:\Users\Mohsin\Documents\Titanium_Studio_Workspace\TiMVC-master\Resources\mvc\assets\images\dashboard\tasks_on.png => C:\Users\Mohsin\Documents\Titanium_Studio_Workspace\TiMVC-master\build\android\bin\assets\Resources\mvc\assets\images\dashboard\tasks_on.png
[TRACE] COPYING CREATED FILE: C:\Users\Mohsin\Documents\Titanium_Studio_Workspace\TiMVC-master\Resources\mvc\assets\images\layouts\banner.png => C:\Users\Mohsin\Documents\Titanium_Studio_Workspace\TiMVC-master\build\android\bin\assets\Resources\mvc\assets\images\layouts\banner.png
[TRACE] COPYING CREATED FILE: C:\Users\Mohsin\Documents\Titanium_Studio_Workspace\TiMVC-master\Resources\mvc\assets\images\layouts\tabbar.png => C:\Users\Mohsin\Documents\Titanium_Studio_Workspace\TiMVC-master\build\android\bin\assets\Resources\mvc\assets\images\layouts\tabbar.png
[TRACE] COPYING CREATED FILE: C:\Users\Mohsin\Documents\Titanium_Studio_Workspace\TiMVC-master\Resources\mvc\components\controller.js => C:\Users\Mohsin\Documents\Titanium_Studio_Workspace\TiMVC-master\build\android\bin\assets\Resources\mvc\components\controller.js
[TRACE] COPYING CREATED FILE: C:\Users\Mohsin\Documents\Titanium_Studio_Workspace\TiMVC-master\Resources\mvc\components\database.js => C:\Users\Mohsin\Documents\Titanium_Studio_Workspace\TiMVC-master\build\android\bin\assets\Resources\mvc\components\database.js
[TRACE] COPYING CREATED FILE: C:\Users\Mohsin\Documents\Titanium_Studio_Workspace\TiMVC-master\Resources\mvc\components\model.js => C:\Users\Mohsin\Documents\Titanium_Studio_Workspace\TiMVC-master\build\android\bin\assets\Resources\mvc\components\model.js
[TRACE] COPYING CREATED FILE: C:\Users\Mohsin\Documents\Titanium_Studio_Workspace\TiMVC-master\Resources\mvc\components\scrollablegridview.js => C:\Users\Mohsin\Documents\Titanium_Studio_Workspace\TiMVC-master\build\android\bin\assets\Resources\mvc\components\scrollablegridview.js
[TRACE] COPYING CREATED FILE: C:\Users\Mohsin\Documents\Titanium_Studio_Workspace\TiMVC-master\Resources\mvc\components\view.js => C:\Users\Mohsin\Documents\Titanium_Studio_Workspace\TiMVC-master\build\android\bin\assets\Resources\mvc\components\view.js
[TRACE] COPYING CREATED FILE: C:\Users\Mohsin\Documents\Titanium_Studio_Workspace\TiMVC-master\Resources\mvc\controllers\dashboard.js => C:\Users\Mohsin\Documents\Titanium_Studio_Workspace\TiMVC-master\build\android\bin\assets\Resources\mvc\controllers\dashboard.js
[TRACE] COPYING CREATED FILE: C:\Users\Mohsin\Documents\Titanium_Studio_Workspace\TiMVC-master\Resources\mvc\controllers\example.js => C:\Users\Mohsin\Documents\Titanium_Studio_Workspace\TiMVC-master\build\android\bin\assets\Resources\mvc\controllers\example.js
[TRACE] COPYING CREATED FILE: C:\Users\Mohsin\Documents\Titanium_Studio_Workspace\TiMVC-master\Resources\mvc\controllers\main.js => C:\Users\Mohsin\Documents\Titanium_Studio_Workspace\TiMVC-master\build\android\bin\assets\Resources\mvc\controllers\main.js
[TRACE] COPYING CREATED FILE: C:\Users\Mohsin\Documents\Titanium_Studio_Workspace\TiMVC-master\Resources\mvc\controllers\tab.js => C:\Users\Mohsin\Documents\Titanium_Studio_Workspace\TiMVC-master\build\android\bin\assets\Resources\mvc\controllers\tab.js
[TRACE] COPYING CREATED FILE: C:\Users\Mohsin\Documents\Titanium_Studio_Workspace\TiMVC-master\Resources\mvc\core\timvc.js => C:\Users\Mohsin\Documents\Titanium_Studio_Workspace\TiMVC-master\build\android\bin\assets\Resources\mvc\core\timvc.js
[TRACE] COPYING CREATED FILE: C:\Users\Mohsin\Documents\Titanium_Studio_Workspace\TiMVC-master\Resources\mvc\models\setting.js => C:\Users\Mohsin\Documents\Titanium_Studio_Workspace\TiMVC-master\build\android\bin\assets\Resources\mvc\models\setting.js
[TRACE] COPYING CREATED FILE: C:\Users\Mohsin\Documents\Titanium_Studio_Workspace\TiMVC-master\Resources\mvc\views\dashboard\simplewindow.js => C:\Users\Mohsin\Documents\Titanium_Studio_Workspace\TiMVC-master\build\android\bin\assets\Resources\mvc\views\dashboard\simplewindow.js
[TRACE] COPYING CREATED FILE: C:\Users\Mohsin\Documents\Titanium_Studio_Workspace\TiMVC-master\Resources\mvc\views\example\dashboard.js => C:\Users\Mohsin\Documents\Titanium_Studio_Workspace\TiMVC-master\build\android\bin\assets\Resources\mvc\views\example\dashboard.js
[TRACE] COPYING CREATED FILE: C:\Users\Mohsin\Documents\Titanium_Studio_Workspace\TiMVC-master\Resources\mvc\views\example\multidashboard.js => C:\Users\Mohsin\Documents\Titanium_Studio_Workspace\TiMVC-master\build\android\bin\assets\Resources\mvc\views\example\multidashboard.js
[TRACE] COPYING CREATED FILE: C:\Users\Mohsin\Documents\Titanium_Studio_Workspace\TiMVC-master\Resources\mvc\views\layouts\default.js => C:\Users\Mohsin\Documents\Titanium_Studio_Workspace\TiMVC-master\build\android\bin\assets\Resources\mvc\views\layouts\default.js
[TRACE] COPYING CREATED FILE: C:\Users\Mohsin\Documents\Titanium_Studio_Workspace\TiMVC-master\Resources\mvc\views\main\home.js => C:\Users\Mohsin\Documents\Titanium_Studio_Workspace\TiMVC-master\build\android\bin\assets\Resources\mvc\views\main\home.js
[TRACE] COPYING CREATED FILE: C:\Users\Mohsin\Documents\Titanium_Studio_Workspace\TiMVC-master\Resources\mvc\views\tab\simplewindow.js => C:\Users\Mohsin\Documents\Titanium_Studio_Workspace\TiMVC-master\build\android\bin\assets\Resources\mvc\views\tab\simplewindow.js
[TRACE] Generating Java Classes
[DEBUG] Processing Android resource drawables
[TRACE] COPYING FILE: C:\Users\Mohsin\Documents\Titanium_Studio_Workspace\TiMVC-master\Resources\android\images\res-long-land-hdpi\default.png => C:\Users\Mohsin\Documents\Titanium_Studio_Workspace\TiMVC-master\build\android\res\drawable-long-land-hdpi\default_d44e27d97b.png
[TRACE] COPYING FILE: C:\Users\Mohsin\Documents\Titanium_Studio_Workspace\TiMVC-master\Resources\android\images\res-long-land-ldpi\default.png => C:\Users\Mohsin\Documents\Titanium_Studio_Workspace\TiMVC-master\build\android\res\drawable-long-land-ldpi\default_d44e27d97b.png
[TRACE] COPYING FILE: C:\Users\Mohsin\Documents\Titanium_Studio_Workspace\TiMVC-master\Resources\android\images\res-long-port-hdpi\default.png => C:\Users\Mohsin\Documents\Titanium_Studio_Workspace\TiMVC-master\build\android\res\drawable-long-port-hdpi\default_d44e27d97b.png
[TRACE] COPYING FILE: C:\Users\Mohsin\Documents\Titanium_Studio_Workspace\TiMVC-master\Resources\android\images\res-long-port-ldpi\default.png => C:\Users\Mohsin\Documents\Titanium_Studio_Workspace\TiMVC-master\build\android\res\drawable-long-port-ldpi\default_d44e27d97b.png
[TRACE] COPYING FILE: C:\Users\Mohsin\Documents\Titanium_Studio_Workspace\TiMVC-master\Resources\android\images\res-notlong-land-hdpi\default.png => C:\Users\Mohsin\Documents\Titanium_Studio_Workspace\TiMVC-master\build\android\res\drawable-notlong-land-hdpi\default_d44e27d97b.png
[TRACE] COPYING FILE: C:\Users\Mohsin\Documents\Titanium_Studio_Workspace\TiMVC-master\Resources\android\images\res-notlong-land-ldpi\default.png => C:\Users\Mohsin\Documents\Titanium_Studio_Workspace\TiMVC-master\build\android\res\drawable-notlong-land-ldpi\default_d44e27d97b.png
[TRACE] COPYING FILE: C:\Users\Mohsin\Documents\Titanium_Studio_Workspace\TiMVC-master\Resources\android\images\res-notlong-land-mdpi\default.png => C:\Users\Mohsin\Documents\Titanium_Studio_Workspace\TiMVC-master\build\android\res\drawable-notlong-land-mdpi\default_d44e27d97b.png
[TRACE] COPYING FILE: C:\Users\Mohsin\Documents\Titanium_Studio_Workspace\TiMVC-master\Resources\android\images\res-notlong-port-hdpi\default.png => C:\Users\Mohsin\Documents\Titanium_Studio_Workspace\TiMVC-master\build\android\res\drawable-notlong-port-hdpi\default_d44e27d97b.png
[TRACE] COPYING FILE: C:\Users\Mohsin\Documents\Titanium_Studio_Workspace\TiMVC-master\Resources\android\images\res-notlong-port-ldpi\default.png => C:\Users\Mohsin\Documents\Titanium_Studio_Workspace\TiMVC-master\build\android\res\drawable-notlong-port-ldpi\default_d44e27d97b.png
[TRACE] COPYING FILE: C:\Users\Mohsin\Documents\Titanium_Studio_Workspace\TiMVC-master\Resources\android\images\res-notlong-port-mdpi\default.png => C:\Users\Mohsin\Documents\Titanium_Studio_Workspace\TiMVC-master\build\android\res\drawable-notlong-port-mdpi\default_d44e27d97b.png
[DEBUG] app stylesheet => C:\Users\Mohsin\Documents\Titanium_Studio_Workspace\TiMVC-master\build\android\gen\com\bonozo\kap\ApplicationStylesheet.java
[DEBUG] copying app icon: C:\Users\Mohsin\Documents\Titanium_Studio_Workspace\TiMVC-master\build\android\bin\assets\Resources\appicon.png
[DEBUG] generating theme.xml
[DEBUG] found drawable-long-land-hdpi splash screen at C:\Users\Mohsin\Documents\Titanium_Studio_Workspace\TiMVC-master\Resources\android\images\res-long-land-hdpi\default.png
[DEBUG] copying C:\Users\Mohsin\Documents\Titanium_Studio_Workspace\TiMVC-master\Resources\android\images\res-long-land-hdpi\default.png splash screen to C:\Users\Mohsin\Documents\Titanium_Studio_Workspace\TiMVC-master\build\android\res\drawable-long-land-hdpi\background.png
[DEBUG] found drawable-long-land-ldpi splash screen at C:\Users\Mohsin\Documents\Titanium_Studio_Workspace\TiMVC-master\Resources\android\images\res-long-land-ldpi\default.png
[DEBUG] copying C:\Users\Mohsin\Documents\Titanium_Studio_Workspace\TiMVC-master\Resources\android\images\res-long-land-ldpi\default.png splash screen to C:\Users\Mohsin\Documents\Titanium_Studio_Workspace\TiMVC-master\build\android\res\drawable-long-land-ldpi\background.png
[DEBUG] found drawable-long-port-hdpi splash screen at C:\Users\Mohsin\Documents\Titanium_Studio_Workspace\TiMVC-master\Resources\android\images\res-long-port-hdpi\default.png
[DEBUG] copying C:\Users\Mohsin\Documents\Titanium_Studio_Workspace\TiMVC-master\Resources\android\images\res-long-port-hdpi\default.png splash screen to C:\Users\Mohsin\Documents\Titanium_Studio_Workspace\TiMVC-master\build\android\res\drawable-long-port-hdpi\background.png
[DEBUG] found drawable-long-port-ldpi splash screen at C:\Users\Mohsin\Documents\Titanium_Studio_Workspace\TiMVC-master\Resources\android\images\res-long-port-ldpi\default.png
[DEBUG] copying C:\Users\Mohsin\Documents\Titanium_Studio_Workspace\TiMVC-master\Resources\android\images\res-long-port-ldpi\default.png splash screen to C:\Users\Mohsin\Documents\Titanium_Studio_Workspace\TiMVC-master\build\android\res\drawable-long-port-ldpi\background.png
[DEBUG] found drawable-notlong-land-hdpi splash screen at C:\Users\Mohsin\Documents\Titanium_Studio_Workspace\TiMVC-master\Resources\android\images\res-notlong-land-hdpi\default.png
[DEBUG] copying C:\Users\Mohsin\Documents\Titanium_Studio_Workspace\TiMVC-master\Resources\android\images\res-notlong-land-hdpi\default.png splash screen to C:\Users\Mohsin\Documents\Titanium_Studio_Workspace\TiMVC-master\build\android\res\drawable-notlong-land-hdpi\background.png
[DEBUG] found drawable-notlong-land-ldpi splash screen at C:\Users\Mohsin\Documents\Titanium_Studio_Workspace\TiMVC-master\Resources\android\images\res-notlong-land-ldpi\default.png
[DEBUG] copying C:\Users\Mohsin\Documents\Titanium_Studio_Workspace\TiMVC-master\Resources\android\images\res-notlong-land-ldpi\default.png splash screen to C:\Users\Mohsin\Documents\Titanium_Studio_Workspace\TiMVC-master\build\android\res\drawable-notlong-land-ldpi\background.png
[DEBUG] found drawable-notlong-land-mdpi splash screen at C:\Users\Mohsin\Documents\Titanium_Studio_Workspace\TiMVC-master\Resources\android\images\res-notlong-land-mdpi\default.png
[DEBUG] copying C:\Users\Mohsin\Documents\Titanium_Studio_Workspace\TiMVC-master\Resources\android\images\res-notlong-land-mdpi\default.png splash screen to C:\Users\Mohsin\Documents\Titanium_Studio_Workspace\TiMVC-master\build\android\res\drawable-notlong-land-mdpi\background.png
[DEBUG] found drawable-notlong-port-hdpi splash screen at C:\Users\Mohsin\Documents\Titanium_Studio_Workspace\TiMVC-master\Resources\android\images\res-notlong-port-hdpi\default.png
[DEBUG] copying C:\Users\Mohsin\Documents\Titanium_Studio_Workspace\TiMVC-master\Resources\android\images\res-notlong-port-hdpi\default.png splash screen to C:\Users\Mohsin\Documents\Titanium_Studio_Workspace\TiMVC-master\build\android\res\drawable-notlong-port-hdpi\background.png
[DEBUG] found drawable-notlong-port-ldpi splash screen at C:\Users\Mohsin\Documents\Titanium_Studio_Workspace\TiMVC-master\Resources\android\images\res-notlong-port-ldpi\default.png
[DEBUG] copying C:\Users\Mohsin\Documents\Titanium_Studio_Workspace\TiMVC-master\Resources\android\images\res-notlong-port-ldpi\default.png splash screen to C:\Users\Mohsin\Documents\Titanium_Studio_Workspace\TiMVC-master\build\android\res\drawable-notlong-port-ldpi\background.png
[DEBUG] found drawable-notlong-port-mdpi splash screen at C:\Users\Mohsin\Documents\Titanium_Studio_Workspace\TiMVC-master\Resources\android\images\res-notlong-port-mdpi\default.png
[DEBUG] copying C:\Users\Mohsin\Documents\Titanium_Studio_Workspace\TiMVC-master\Resources\android\images\res-notlong-port-mdpi\default.png splash screen to C:\Users\Mohsin\Documents\Titanium_Studio_Workspace\TiMVC-master\build\android\res\drawable-notlong-port-mdpi\background.png
[DEBUG] found splash screen at C:\Users\Mohsin\Documents\Titanium_Studio_Workspace\TiMVC-master\build\android\bin\assets\Resources\default.png
[TRACE] Writing out AndroidManifest.xml
[DEBUG] adding C:\Users\Mohsin\Documents\Titanium_Studio_Workspace\TiMVC-master\build\android\gen\com\bonozo\kap\ApplicationStylesheet.java to javac build list
[DEBUG] adding C:\Users\Mohsin\Documents\Titanium_Studio_Workspace\TiMVC-master\build\android\gen\com\bonozo\kap\KnightsAndPrincessesActivity.java to javac build list
[DEBUG] adding C:\Users\Mohsin\Documents\Titanium_Studio_Workspace\TiMVC-master\build\android\gen\com\bonozo\kap\KnightsAndPrincessesAppInfo.java to javac build list
[DEBUG] adding C:\Users\Mohsin\Documents\Titanium_Studio_Workspace\TiMVC-master\build\android\gen\com\bonozo\kap\KnightsAndPrincessesApplication.java to javac build list
[DEBUG] adding C:\Users\Mohsin\Documents\Titanium_Studio_Workspace\TiMVC-master\build\android\gen\com\bonozo\kap\R.java to javac build list
[DEBUG] Building Java Sources: "C:\\Users\\Mohsin\\Documents\\Titanium_Studio_Workspace\\TiMVC-master\\build\\android\\gen\\com\\bonozo\\kap\\ApplicationStylesheet.java" "C:\\Users\\Mohsin\\Documents\\Titanium_Studio_Workspace\\TiMVC-master\\build\\android\\gen\\com\\bonozo\\kap\\KnightsAndPrincessesActivity.java" "C:\\Users\\Mohsin\\Documents\\Titanium_Studio_Workspace\\TiMVC-master\\build\\android\\gen\\com\\bonozo\\kap\\KnightsAndPrincessesAppInfo.java" "C:\\Users\\Mohsin\\Documents\\Titanium_Studio_Workspace\\TiMVC-master\\build\\android\\gen\\com\\bonozo\\kap\\KnightsAndPrincessesApplication.java" "C:\\Users\\Mohsin\\Documents\\Titanium_Studio_Workspace\\TiMVC-master\\build\\android\\gen\\com\\bonozo\\kap\\R.java"
[INFO] Waiting for SDCard to become available..
