Logfile initialized
[INFO] logfile = C:\Users\Mohsin\Documents\Titanium_Studio_Workspace\Bonozo\build.log
[DEBUG] C:\Users\Mohsin\AppData\Roaming\Titanium\mobilesdk\win32\2.1.3.GA\android\builder.py simulator Knights and Princesses D:\android-sdk_r16-windows\android-sdk-windows C:\Users\Mohsin\Documents\Titanium_Studio_Workspace\Bonozo com.bonozo.kap 19 WVGA854
[INFO] Building Knights and Princesses for Android ... one moment
[INFO] Titanium SDK version: 2.1.3 (10/02/12 16:16 15997d0)
[DEBUG] Waiting for device to be ready ...
[TRACE] adb devices returned 1 devices/emulators
[DEBUG] Device connected... (waited 0 seconds)
[DEBUG] waited 0.376000 seconds on emulator to get ready
[DEBUG] com.bonozo.kap installed? True
[INFO] Fastdev server running, deploying in Fastdev mode
[INFO] Copying CommonJS modules...
[INFO] Copying project resources..
[TRACE] COPYING MODIFIED FILE: C:\Users\Mohsin\Documents\Titanium_Studio_Workspace\Bonozo\Resources\inventory.js => C:\Users\Mohsin\Documents\Titanium_Studio_Workspace\Bonozo\build\android\bin\assets\Resources\inventory.js
[INFO] Tiapp.xml unchanged, skipping class generation
[DEBUG] Processing Android resource drawables
[DEBUG] found drawable-long-land-hdpi splash screen at C:\Users\Mohsin\Documents\Titanium_Studio_Workspace\Bonozo\Resources\android\images\res-long-land-hdpi\default.png
[DEBUG] found drawable-long-land-ldpi splash screen at C:\Users\Mohsin\Documents\Titanium_Studio_Workspace\Bonozo\Resources\android\images\res-long-land-ldpi\default.png
[DEBUG] found drawable-long-port-hdpi splash screen at C:\Users\Mohsin\Documents\Titanium_Studio_Workspace\Bonozo\Resources\android\images\res-long-port-hdpi\default.png
[DEBUG] found drawable-long-port-ldpi splash screen at C:\Users\Mohsin\Documents\Titanium_Studio_Workspace\Bonozo\Resources\android\images\res-long-port-ldpi\default.png
[DEBUG] found drawable-notlong-land-hdpi splash screen at C:\Users\Mohsin\Documents\Titanium_Studio_Workspace\Bonozo\Resources\android\images\res-notlong-land-hdpi\default.png
[DEBUG] found drawable-notlong-land-ldpi splash screen at C:\Users\Mohsin\Documents\Titanium_Studio_Workspace\Bonozo\Resources\android\images\res-notlong-land-ldpi\default.png
[DEBUG] found drawable-notlong-land-mdpi splash screen at C:\Users\Mohsin\Documents\Titanium_Studio_Workspace\Bonozo\Resources\android\images\res-notlong-land-mdpi\default.png
[DEBUG] found drawable-notlong-port-hdpi splash screen at C:\Users\Mohsin\Documents\Titanium_Studio_Workspace\Bonozo\Resources\android\images\res-notlong-port-hdpi\default.png
[DEBUG] found drawable-notlong-port-ldpi splash screen at C:\Users\Mohsin\Documents\Titanium_Studio_Workspace\Bonozo\Resources\android\images\res-notlong-port-ldpi\default.png
[DEBUG] found drawable-notlong-port-mdpi splash screen at C:\Users\Mohsin\Documents\Titanium_Studio_Workspace\Bonozo\Resources\android\images\res-notlong-port-mdpi\default.png
[INFO] Waiting for SDCard to become available..
[INFO] Re-launching application ... Knights and Princesses
[INFO] Launching application ... Knights and Princesses
[TRACE] Launch output: Starting: Intent { act=android.intent.action.MAIN cat=[android.intent.category.LAUNCHER] flg=0x10200000 cmp=com.bonozo.kap/.KnightsAndPrincessesActivity }
Warning: Activity not started, its current task has been brought to the front

